Start testing: Jun 27 16:47 UTC
----------------------------------------------------------
1/88 Testing: malloc_1.Sanity
1/88 Test: malloc_1.Sanity
Command: "/home/student/Desktop/OS_HW4/build/tests/malloc_1_test" "Sanity"
Directory: /home/student/Desktop/OS_HW4/build/tests
"malloc_1.Sanity" start time: Jun 27 16:47 UTC
Output:
----------------------------------------------------------
Filters: Sanity
Randomness seeded to: 2991640046
===============================================================================
All tests passed (2 assertions in 1 test case)

<end of output>
Test time =   0.02 sec
----------------------------------------------------------
Test Passed.
"malloc_1.Sanity" end time: Jun 27 16:47 UTC
"malloc_1.Sanity" time elapsed: 00:00:00
----------------------------------------------------------

2/88 Testing: malloc_1.Check size
2/88 Test: malloc_1.Check size
Command: "/home/student/Desktop/OS_HW4/build/tests/malloc_1_test" "Check size"
Directory: /home/student/Desktop/OS_HW4/build/tests
"malloc_1.Check size" start time: Jun 27 16:47 UTC
Output:
----------------------------------------------------------
Filters: Check size
Randomness seeded to: 557948719
===============================================================================
All tests passed (6 assertions in 1 test case)

<end of output>
Test time =   0.01 sec
----------------------------------------------------------
Test Passed.
"malloc_1.Check size" end time: Jun 27 16:47 UTC
"malloc_1.Check size" time elapsed: 00:00:00
----------------------------------------------------------

3/88 Testing: malloc_1.0 size
3/88 Test: malloc_1.0 size
Command: "/home/student/Desktop/OS_HW4/build/tests/malloc_1_test" "0 size"
Directory: /home/student/Desktop/OS_HW4/build/tests
"malloc_1.0 size" start time: Jun 27 16:47 UTC
Output:
----------------------------------------------------------
Filters: 0 size
Randomness seeded to: 1997609181
===============================================================================
All tests passed (2 assertions in 1 test case)

<end of output>
Test time =   0.00 sec
----------------------------------------------------------
Test Passed.
"malloc_1.0 size" end time: Jun 27 16:47 UTC
"malloc_1.0 size" time elapsed: 00:00:00
----------------------------------------------------------

4/88 Testing: malloc_1.Max size
4/88 Test: malloc_1.Max size
Command: "/home/student/Desktop/OS_HW4/build/tests/malloc_1_test" "Max size"
Directory: /home/student/Desktop/OS_HW4/build/tests
"malloc_1.Max size" start time: Jun 27 16:47 UTC
Output:
----------------------------------------------------------
Filters: Max size
Randomness seeded to: 22449900
===============================================================================
All tests passed (4 assertions in 1 test case)

<end of output>
Test time =   0.00 sec
----------------------------------------------------------
Test Passed.
"malloc_1.Max size" end time: Jun 27 16:47 UTC
"malloc_1.Max size" time elapsed: 00:00:00
----------------------------------------------------------

5/88 Testing: malloc_2.Sanity
5/88 Test: malloc_2.Sanity
Command: "/home/student/Desktop/OS_HW4/build/tests/malloc_2_test" "Sanity"
Directory: /home/student/Desktop/OS_HW4/build/tests
"malloc_2.Sanity" start time: Jun 27 16:47 UTC
Output:
----------------------------------------------------------
Filters: Sanity
Randomness seeded to: 1409053380
===============================================================================
All tests passed (19 assertions in 1 test case)

<end of output>
Test time =   0.02 sec
----------------------------------------------------------
Test Passed.
"malloc_2.Sanity" end time: Jun 27 16:47 UTC
"malloc_2.Sanity" time elapsed: 00:00:00
----------------------------------------------------------

6/88 Testing: malloc_2.Check size
6/88 Test: malloc_2.Check size
Command: "/home/student/Desktop/OS_HW4/build/tests/malloc_2_test" "Check size"
Directory: /home/student/Desktop/OS_HW4/build/tests
"malloc_2.Check size" start time: Jun 27 16:47 UTC
Output:
----------------------------------------------------------
Filters: Check size
Randomness seeded to: 1418705282
===============================================================================
All tests passed (33 assertions in 1 test case)

<end of output>
Test time =   0.00 sec
----------------------------------------------------------
Test Passed.
"malloc_2.Check size" end time: Jun 27 16:47 UTC
"malloc_2.Check size" time elapsed: 00:00:00
----------------------------------------------------------

7/88 Testing: malloc_2.0 size
7/88 Test: malloc_2.0 size
Command: "/home/student/Desktop/OS_HW4/build/tests/malloc_2_test" "0 size"
Directory: /home/student/Desktop/OS_HW4/build/tests
"malloc_2.0 size" start time: Jun 27 16:47 UTC
Output:
----------------------------------------------------------
Filters: 0 size
Randomness seeded to: 3581426924
===============================================================================
All tests passed (13 assertions in 1 test case)

<end of output>
Test time =   0.00 sec
----------------------------------------------------------
Test Passed.
"malloc_2.0 size" end time: Jun 27 16:47 UTC
"malloc_2.0 size" time elapsed: 00:00:00
----------------------------------------------------------

8/88 Testing: malloc_2.Max size
8/88 Test: malloc_2.Max size
Command: "/home/student/Desktop/OS_HW4/build/tests/malloc_2_test" "Max size"
Directory: /home/student/Desktop/OS_HW4/build/tests
"malloc_2.Max size" start time: Jun 27 16:47 UTC
Output:
----------------------------------------------------------
Filters: Max size
Randomness seeded to: 2901602656
===============================================================================
All tests passed (27 assertions in 1 test case)

<end of output>
Test time =   0.01 sec
----------------------------------------------------------
Test Passed.
"malloc_2.Max size" end time: Jun 27 16:47 UTC
"malloc_2.Max size" time elapsed: 00:00:00
----------------------------------------------------------

9/88 Testing: malloc_2.free
9/88 Test: malloc_2.free
Command: "/home/student/Desktop/OS_HW4/build/tests/malloc_2_test" "free"
Directory: /home/student/Desktop/OS_HW4/build/tests
"malloc_2.free" start time: Jun 27 16:47 UTC
Output:
----------------------------------------------------------
Filters: free
Randomness seeded to: 1155057519
===============================================================================
All tests passed (59 assertions in 1 test case)

<end of output>
Test time =   0.00 sec
----------------------------------------------------------
Test Passed.
"malloc_2.free" end time: Jun 27 16:47 UTC
"malloc_2.free" time elapsed: 00:00:00
----------------------------------------------------------

10/88 Testing: malloc_2.free 2
10/88 Test: malloc_2.free 2
Command: "/home/student/Desktop/OS_HW4/build/tests/malloc_2_test" "free 2"
Directory: /home/student/Desktop/OS_HW4/build/tests
"malloc_2.free 2" start time: Jun 27 16:47 UTC
Output:
----------------------------------------------------------
Filters: free 2
Randomness seeded to: 1113749563
===============================================================================
All tests passed (59 assertions in 1 test case)

<end of output>
Test time =   0.01 sec
----------------------------------------------------------
Test Passed.
"malloc_2.free 2" end time: Jun 27 16:47 UTC
"malloc_2.free 2" time elapsed: 00:00:00
----------------------------------------------------------

11/88 Testing: malloc_2.free 3
11/88 Test: malloc_2.free 3
Command: "/home/student/Desktop/OS_HW4/build/tests/malloc_2_test" "free 3"
Directory: /home/student/Desktop/OS_HW4/build/tests
"malloc_2.free 3" start time: Jun 27 16:47 UTC
Output:
----------------------------------------------------------
Filters: free 3
Randomness seeded to: 67706854
===============================================================================
All tests passed (59 assertions in 1 test case)

<end of output>
Test time =   0.00 sec
----------------------------------------------------------
Test Passed.
"malloc_2.free 3" end time: Jun 27 16:47 UTC
"malloc_2.free 3" time elapsed: 00:00:00
----------------------------------------------------------

12/88 Testing: malloc_2.Reuse
12/88 Test: malloc_2.Reuse
Command: "/home/student/Desktop/OS_HW4/build/tests/malloc_2_test" "Reuse"
Directory: /home/student/Desktop/OS_HW4/build/tests
"malloc_2.Reuse" start time: Jun 27 16:47 UTC
Output:
----------------------------------------------------------
Filters: Reuse
Randomness seeded to: 986212943
===============================================================================
All tests passed (32 assertions in 1 test case)

<end of output>
Test time =   0.01 sec
----------------------------------------------------------
Test Passed.
"malloc_2.Reuse" end time: Jun 27 16:47 UTC
"malloc_2.Reuse" time elapsed: 00:00:00
----------------------------------------------------------

13/88 Testing: malloc_2.Reuse two blocks
13/88 Test: malloc_2.Reuse two blocks
Command: "/home/student/Desktop/OS_HW4/build/tests/malloc_2_test" "Reuse two blocks"
Directory: /home/student/Desktop/OS_HW4/build/tests
"malloc_2.Reuse two blocks" start time: Jun 27 16:47 UTC
Output:
----------------------------------------------------------
Filters: Reuse two blocks
Randomness seeded to: 2656426178
===============================================================================
All tests passed (46 assertions in 1 test case)

<end of output>
Test time =   0.01 sec
----------------------------------------------------------
Test Passed.
"malloc_2.Reuse two blocks" end time: Jun 27 16:47 UTC
"malloc_2.Reuse two blocks" time elapsed: 00:00:00
----------------------------------------------------------

14/88 Testing: malloc_2.Reuse two blocks reverse
14/88 Test: malloc_2.Reuse two blocks reverse
Command: "/home/student/Desktop/OS_HW4/build/tests/malloc_2_test" "Reuse two blocks reverse"
Directory: /home/student/Desktop/OS_HW4/build/tests
"malloc_2.Reuse two blocks reverse" start time: Jun 27 16:47 UTC
Output:
----------------------------------------------------------
Filters: Reuse two blocks reverse
Randomness seeded to: 3529995025
===============================================================================
All tests passed (46 assertions in 1 test case)

<end of output>
Test time =   0.01 sec
----------------------------------------------------------
Test Passed.
"malloc_2.Reuse two blocks reverse" end time: Jun 27 16:47 UTC
"malloc_2.Reuse two blocks reverse" time elapsed: 00:00:00
----------------------------------------------------------

15/88 Testing: malloc_2.Reuse two blocks both
15/88 Test: malloc_2.Reuse two blocks both
Command: "/home/student/Desktop/OS_HW4/build/tests/malloc_2_test" "Reuse two blocks both"
Directory: /home/student/Desktop/OS_HW4/build/tests
"malloc_2.Reuse two blocks both" start time: Jun 27 16:47 UTC
Output:
----------------------------------------------------------
Filters: Reuse two blocks both
Randomness seeded to: 2301575324
===============================================================================
All tests passed (46 assertions in 1 test case)

<end of output>
Test time =   0.00 sec
----------------------------------------------------------
Test Passed.
"malloc_2.Reuse two blocks both" end time: Jun 27 16:47 UTC
"malloc_2.Reuse two blocks both" time elapsed: 00:00:00
----------------------------------------------------------

16/88 Testing: malloc_2.Reuse two blocks sizes small
16/88 Test: malloc_2.Reuse two blocks sizes small
Command: "/home/student/Desktop/OS_HW4/build/tests/malloc_2_test" "Reuse two blocks sizes small"
Directory: /home/student/Desktop/OS_HW4/build/tests
"malloc_2.Reuse two blocks sizes small" start time: Jun 27 16:47 UTC
Output:
----------------------------------------------------------
Filters: Reuse two blocks sizes small
Randomness seeded to: 2652349823
===============================================================================
All tests passed (46 assertions in 1 test case)

<end of output>
Test time =   0.01 sec
----------------------------------------------------------
Test Passed.
"malloc_2.Reuse two blocks sizes small" end time: Jun 27 16:47 UTC
"malloc_2.Reuse two blocks sizes small" time elapsed: 00:00:00
----------------------------------------------------------

17/88 Testing: malloc_2.Reuse two blocks sizes large
17/88 Test: malloc_2.Reuse two blocks sizes large
Command: "/home/student/Desktop/OS_HW4/build/tests/malloc_2_test" "Reuse two blocks sizes large"
Directory: /home/student/Desktop/OS_HW4/build/tests
"malloc_2.Reuse two blocks sizes large" start time: Jun 27 16:47 UTC
Output:
----------------------------------------------------------
Filters: Reuse two blocks sizes large
Randomness seeded to: 2553030632
===============================================================================
All tests passed (46 assertions in 1 test case)

<end of output>
Test time =   0.01 sec
----------------------------------------------------------
Test Passed.
"malloc_2.Reuse two blocks sizes large" end time: Jun 27 16:47 UTC
"malloc_2.Reuse two blocks sizes large" time elapsed: 00:00:00
----------------------------------------------------------

18/88 Testing: malloc_2.scalloc
18/88 Test: malloc_2.scalloc
Command: "/home/student/Desktop/OS_HW4/build/tests/malloc_2_test" "scalloc"
Directory: /home/student/Desktop/OS_HW4/build/tests
"malloc_2.scalloc" start time: Jun 27 16:47 UTC
Output:
----------------------------------------------------------
Filters: scalloc
Randomness seeded to: 2622752806
===============================================================================
All tests passed (51 assertions in 1 test case)

<end of output>
Test time =   0.01 sec
----------------------------------------------------------
Test Passed.
"malloc_2.scalloc" end time: Jun 27 16:47 UTC
"malloc_2.scalloc" time elapsed: 00:00:00
----------------------------------------------------------

19/88 Testing: malloc_2.scalloc taint
19/88 Test: malloc_2.scalloc taint
Command: "/home/student/Desktop/OS_HW4/build/tests/malloc_2_test" "scalloc taint"
Directory: /home/student/Desktop/OS_HW4/build/tests
"malloc_2.scalloc taint" start time: Jun 27 16:47 UTC
Output:
----------------------------------------------------------
Filters: scalloc taint
Randomness seeded to: 3280034615
===============================================================================
All tests passed (232 assertions in 1 test case)

<end of output>
Test time =   0.00 sec
----------------------------------------------------------
Test Passed.
"malloc_2.scalloc taint" end time: Jun 27 16:47 UTC
"malloc_2.scalloc taint" time elapsed: 00:00:00
----------------------------------------------------------

20/88 Testing: malloc_2.scalloc 0 size
20/88 Test: malloc_2.scalloc 0 size
Command: "/home/student/Desktop/OS_HW4/build/tests/malloc_2_test" "scalloc 0 size"
Directory: /home/student/Desktop/OS_HW4/build/tests
"malloc_2.scalloc 0 size" start time: Jun 27 16:47 UTC
Output:
----------------------------------------------------------
Filters: scalloc 0 size
Randomness seeded to: 2479004754
===============================================================================
All tests passed (21 assertions in 1 test case)

<end of output>
Test time =   0.00 sec
----------------------------------------------------------
Test Passed.
"malloc_2.scalloc 0 size" end time: Jun 27 16:47 UTC
"malloc_2.scalloc 0 size" time elapsed: 00:00:00
----------------------------------------------------------

21/88 Testing: malloc_2.scalloc Max size num
21/88 Test: malloc_2.scalloc Max size num
Command: "/home/student/Desktop/OS_HW4/build/tests/malloc_2_test" "scalloc Max size num"
Directory: /home/student/Desktop/OS_HW4/build/tests
"malloc_2.scalloc Max size num" start time: Jun 27 16:47 UTC
Output:
----------------------------------------------------------
Filters: scalloc Max size num
Randomness seeded to: 1314293777
===============================================================================
All tests passed (27 assertions in 1 test case)

<end of output>
Test time =   0.07 sec
----------------------------------------------------------
Test Passed.
"malloc_2.scalloc Max size num" end time: Jun 27 16:47 UTC
"malloc_2.scalloc Max size num" time elapsed: 00:00:00
----------------------------------------------------------

22/88 Testing: malloc_2.scalloc Max size size
22/88 Test: malloc_2.scalloc Max size size
Command: "/home/student/Desktop/OS_HW4/build/tests/malloc_2_test" "scalloc Max size size"
Directory: /home/student/Desktop/OS_HW4/build/tests
"malloc_2.scalloc Max size size" start time: Jun 27 16:47 UTC
Output:
----------------------------------------------------------
Filters: scalloc Max size size
Randomness seeded to: 75792377
===============================================================================
All tests passed (27 assertions in 1 test case)

<end of output>
Test time =   0.06 sec
----------------------------------------------------------
Test Passed.
"malloc_2.scalloc Max size size" end time: Jun 27 16:47 UTC
"malloc_2.scalloc Max size size" time elapsed: 00:00:00
----------------------------------------------------------

23/88 Testing: malloc_2.scalloc Max size both
23/88 Test: malloc_2.scalloc Max size both
Command: "/home/student/Desktop/OS_HW4/build/tests/malloc_2_test" "scalloc Max size both"
Directory: /home/student/Desktop/OS_HW4/build/tests
"malloc_2.scalloc Max size both" start time: Jun 27 16:47 UTC
Output:
----------------------------------------------------------
Filters: scalloc Max size both
Randomness seeded to: 535900711
===============================================================================
All tests passed (35 assertions in 1 test case)

<end of output>
Test time =   0.05 sec
----------------------------------------------------------
Test Passed.
"malloc_2.scalloc Max size both" end time: Jun 27 16:47 UTC
"malloc_2.scalloc Max size both" time elapsed: 00:00:00
----------------------------------------------------------

24/88 Testing: malloc_2.realloc
24/88 Test: malloc_2.realloc
Command: "/home/student/Desktop/OS_HW4/build/tests/malloc_2_test" "realloc"
Directory: /home/student/Desktop/OS_HW4/build/tests
"malloc_2.realloc" start time: Jun 27 16:47 UTC
Output:
----------------------------------------------------------
Filters: realloc
Randomness seeded to: 2941369059
===============================================================================
All tests passed (36 assertions in 1 test case)

<end of output>
Test time =   0.01 sec
----------------------------------------------------------
Test Passed.
"malloc_2.realloc" end time: Jun 27 16:47 UTC
"malloc_2.realloc" time elapsed: 00:00:00
----------------------------------------------------------

25/88 Testing: malloc_2.realloc shrink
25/88 Test: malloc_2.realloc shrink
Command: "/home/student/Desktop/OS_HW4/build/tests/malloc_2_test" "realloc shrink"
Directory: /home/student/Desktop/OS_HW4/build/tests
"malloc_2.realloc shrink" start time: Jun 27 16:47 UTC
Output:
----------------------------------------------------------
Filters: realloc shrink
Randomness seeded to: 1903216536
===============================================================================
All tests passed (36 assertions in 1 test case)

<end of output>
Test time =   0.00 sec
----------------------------------------------------------
Test Passed.
"malloc_2.realloc shrink" end time: Jun 27 16:47 UTC
"malloc_2.realloc shrink" time elapsed: 00:00:00
----------------------------------------------------------

26/88 Testing: malloc_2.srealloc Max size
26/88 Test: malloc_2.srealloc Max size
Command: "/home/student/Desktop/OS_HW4/build/tests/malloc_2_test" "srealloc Max size"
Directory: /home/student/Desktop/OS_HW4/build/tests
"malloc_2.srealloc Max size" start time: Jun 27 16:47 UTC
Output:
----------------------------------------------------------
Filters: srealloc Max size
Randomness seeded to: 308231675
===============================================================================
All tests passed (35 assertions in 1 test case)

<end of output>
Test time =   0.01 sec
----------------------------------------------------------
Test Passed.
"malloc_2.srealloc Max size" end time: Jun 27 16:47 UTC
"malloc_2.srealloc Max size" time elapsed: 00:00:00
----------------------------------------------------------

27/88 Testing: malloc_3.Sanity
27/88 Test: malloc_3.Sanity
Command: "/home/student/Desktop/OS_HW4/build/tests/malloc_3_test" "Sanity"
Directory: /home/student/Desktop/OS_HW4/build/tests
"malloc_3.Sanity" start time: Jun 27 16:47 UTC
Output:
----------------------------------------------------------
Filters: Sanity
Randomness seeded to: 1429473755
===============================================================================
All tests passed (18 assertions in 1 test case)

<end of output>
Test time =   0.02 sec
----------------------------------------------------------
Test Passed.
"malloc_3.Sanity" end time: Jun 27 16:47 UTC
"malloc_3.Sanity" time elapsed: 00:00:00
----------------------------------------------------------

28/88 Testing: malloc_3.Check size
28/88 Test: malloc_3.Check size
Command: "/home/student/Desktop/OS_HW4/build/tests/malloc_3_test" "Check size"
Directory: /home/student/Desktop/OS_HW4/build/tests
"malloc_3.Check size" start time: Jun 27 16:47 UTC
Output:
----------------------------------------------------------
Filters: Check size
Randomness seeded to: 3322407958
===============================================================================
All tests passed (33 assertions in 1 test case)

<end of output>
Test time =   0.01 sec
----------------------------------------------------------
Test Passed.
"malloc_3.Check size" end time: Jun 27 16:47 UTC
"malloc_3.Check size" time elapsed: 00:00:00
----------------------------------------------------------

29/88 Testing: malloc_3.0 size
29/88 Test: malloc_3.0 size
Command: "/home/student/Desktop/OS_HW4/build/tests/malloc_3_test" "0 size"
Directory: /home/student/Desktop/OS_HW4/build/tests
"malloc_3.0 size" start time: Jun 27 16:47 UTC
Output:
----------------------------------------------------------
Filters: 0 size
Randomness seeded to: 1806834981
===============================================================================
All tests passed (13 assertions in 1 test case)

<end of output>
Test time =   0.01 sec
----------------------------------------------------------
Test Passed.
"malloc_3.0 size" end time: Jun 27 16:47 UTC
"malloc_3.0 size" time elapsed: 00:00:00
----------------------------------------------------------

30/88 Testing: malloc_3.Max size
30/88 Test: malloc_3.Max size
Command: "/home/student/Desktop/OS_HW4/build/tests/malloc_3_test" "Max size"
Directory: /home/student/Desktop/OS_HW4/build/tests
"malloc_3.Max size" start time: Jun 27 16:47 UTC
Output:
----------------------------------------------------------
Filters: Max size
Randomness seeded to: 3574644192
===============================================================================
All tests passed (26 assertions in 1 test case)

<end of output>
Test time =   0.01 sec
----------------------------------------------------------
Test Passed.
"malloc_3.Max size" end time: Jun 27 16:47 UTC
"malloc_3.Max size" time elapsed: 00:00:00
----------------------------------------------------------

31/88 Testing: malloc_3.free
31/88 Test: malloc_3.free
Command: "/home/student/Desktop/OS_HW4/build/tests/malloc_3_test" "free"
Directory: /home/student/Desktop/OS_HW4/build/tests
"malloc_3.free" start time: Jun 27 16:47 UTC
Output:
----------------------------------------------------------
Filters: free
Randomness seeded to: 2519608624
===============================================================================
All tests passed (59 assertions in 1 test case)

<end of output>
Test time =   0.01 sec
----------------------------------------------------------
Test Passed.
"malloc_3.free" end time: Jun 27 16:47 UTC
"malloc_3.free" time elapsed: 00:00:00
----------------------------------------------------------

32/88 Testing: malloc_3.free 2
32/88 Test: malloc_3.free 2
Command: "/home/student/Desktop/OS_HW4/build/tests/malloc_3_test" "free 2"
Directory: /home/student/Desktop/OS_HW4/build/tests
"malloc_3.free 2" start time: Jun 27 16:47 UTC
Output:
----------------------------------------------------------
Filters: free 2
Randomness seeded to: 253267027
===============================================================================
All tests passed (59 assertions in 1 test case)

<end of output>
Test time =   0.01 sec
----------------------------------------------------------
Test Passed.
"malloc_3.free 2" end time: Jun 27 16:47 UTC
"malloc_3.free 2" time elapsed: 00:00:00
----------------------------------------------------------

33/88 Testing: malloc_3.free 3
33/88 Test: malloc_3.free 3
Command: "/home/student/Desktop/OS_HW4/build/tests/malloc_3_test" "free 3"
Directory: /home/student/Desktop/OS_HW4/build/tests
"malloc_3.free 3" start time: Jun 27 16:47 UTC
Output:
----------------------------------------------------------
Filters: free 3
Randomness seeded to: 3459622575

a address = 0x5644261f7030
new_a address = 0x5644261f7030
new_b address = 0x5644261f70f0 
===============================================================================
All tests passed (70 assertions in 1 test case)

<end of output>
Test time =   0.01 sec
----------------------------------------------------------
Test Passed.
"malloc_3.free 3" end time: Jun 27 16:47 UTC
"malloc_3.free 3" time elapsed: 00:00:00
----------------------------------------------------------

34/88 Testing: malloc_3.free holes 1
34/88 Test: malloc_3.free holes 1
Command: "/home/student/Desktop/OS_HW4/build/tests/malloc_3_test" "free holes 1"
Directory: /home/student/Desktop/OS_HW4/build/tests
"malloc_3.free holes 1" start time: Jun 27 16:47 UTC
Output:
----------------------------------------------------------
Filters: free holes 1
Randomness seeded to: 974854420
===============================================================================
All tests passed (73 assertions in 1 test case)

<end of output>
Test time =   0.01 sec
----------------------------------------------------------
Test Passed.
"malloc_3.free holes 1" end time: Jun 27 16:47 UTC
"malloc_3.free holes 1" time elapsed: 00:00:00
----------------------------------------------------------

35/88 Testing: malloc_3.free holes 2
35/88 Test: malloc_3.free holes 2
Command: "/home/student/Desktop/OS_HW4/build/tests/malloc_3_test" "free holes 2"
Directory: /home/student/Desktop/OS_HW4/build/tests
"malloc_3.free holes 2" start time: Jun 27 16:47 UTC
Output:
----------------------------------------------------------
Filters: free holes 2
Randomness seeded to: 2198979478
===============================================================================
All tests passed (73 assertions in 1 test case)

<end of output>
Test time =   0.02 sec
----------------------------------------------------------
Test Passed.
"malloc_3.free holes 2" end time: Jun 27 16:47 UTC
"malloc_3.free holes 2" time elapsed: 00:00:00
----------------------------------------------------------

36/88 Testing: malloc_3.free holes 3
36/88 Test: malloc_3.free holes 3
Command: "/home/student/Desktop/OS_HW4/build/tests/malloc_3_test" "free holes 3"
Directory: /home/student/Desktop/OS_HW4/build/tests
"malloc_3.free holes 3" start time: Jun 27 16:47 UTC
Output:
----------------------------------------------------------
Filters: free holes 3
Randomness seeded to: 2197852523
===============================================================================
All tests passed (73 assertions in 1 test case)

<end of output>
Test time =   0.01 sec
----------------------------------------------------------
Test Passed.
"malloc_3.free holes 3" end time: Jun 27 16:47 UTC
"malloc_3.free holes 3" time elapsed: 00:00:00
----------------------------------------------------------

37/88 Testing: malloc_3.Wilderness available
37/88 Test: malloc_3.Wilderness available
Command: "/home/student/Desktop/OS_HW4/build/tests/malloc_3_test" "Wilderness available"
Directory: /home/student/Desktop/OS_HW4/build/tests
"malloc_3.Wilderness available" start time: Jun 27 16:47 UTC
Output:
----------------------------------------------------------
Filters: Wilderness available
Randomness seeded to: 3330318068
===============================================================================
All tests passed (46 assertions in 1 test case)

<end of output>
Test time =   0.01 sec
----------------------------------------------------------
Test Passed.
"malloc_3.Wilderness available" end time: Jun 27 16:47 UTC
"malloc_3.Wilderness available" time elapsed: 00:00:00
----------------------------------------------------------

38/88 Testing: malloc_3.Wilderness available pad
38/88 Test: malloc_3.Wilderness available pad
Command: "/home/student/Desktop/OS_HW4/build/tests/malloc_3_test" "Wilderness available pad"
Directory: /home/student/Desktop/OS_HW4/build/tests
"malloc_3.Wilderness available pad" start time: Jun 27 16:47 UTC
Output:
----------------------------------------------------------
Filters: Wilderness available pad
Randomness seeded to: 513633996
===============================================================================
All tests passed (59 assertions in 1 test case)

<end of output>
Test time =   0.01 sec
----------------------------------------------------------
Test Passed.
"malloc_3.Wilderness available pad" end time: Jun 27 16:47 UTC
"malloc_3.Wilderness available pad" time elapsed: 00:00:00
----------------------------------------------------------

39/88 Testing: malloc_3.Large allocation
39/88 Test: malloc_3.Large allocation
Command: "/home/student/Desktop/OS_HW4/build/tests/malloc_3_test" "Large allocation"
Directory: /home/student/Desktop/OS_HW4/build/tests
"malloc_3.Large allocation" start time: Jun 27 16:47 UTC
Output:
----------------------------------------------------------
Filters: Large allocation
Randomness seeded to: 2786229673
===============================================================================
All tests passed (32 assertions in 1 test case)

<end of output>
Test time =   0.01 sec
----------------------------------------------------------
Test Passed.
"malloc_3.Large allocation" end time: Jun 27 16:47 UTC
"malloc_3.Large allocation" time elapsed: 00:00:00
----------------------------------------------------------

40/88 Testing: malloc_3.Large unaligned allocation
40/88 Test: malloc_3.Large unaligned allocation
Command: "/home/student/Desktop/OS_HW4/build/tests/malloc_3_test" "Large unaligned allocation"
Directory: /home/student/Desktop/OS_HW4/build/tests
"malloc_3.Large unaligned allocation" start time: Jun 27 16:47 UTC
Output:
----------------------------------------------------------
Filters: Large unaligned allocation
Randomness seeded to: 2093985382
===============================================================================
All tests passed (19 assertions in 1 test case)

<end of output>
Test time =   0.01 sec
----------------------------------------------------------
Test Passed.
"malloc_3.Large unaligned allocation" end time: Jun 27 16:47 UTC
"malloc_3.Large unaligned allocation" time elapsed: 00:00:00
----------------------------------------------------------

41/88 Testing: malloc_3.Alignment
41/88 Test: malloc_3.Alignment
Command: "/home/student/Desktop/OS_HW4/build/tests/malloc_3_test" "Alignment"
Directory: /home/student/Desktop/OS_HW4/build/tests
"malloc_3.Alignment" start time: Jun 27 16:47 UTC
Output:
----------------------------------------------------------
Filters: Alignment
Randomness seeded to: 2821056741
===============================================================================
All tests passed (48 assertions in 1 test case)

<end of output>
Test time =   0.01 sec
----------------------------------------------------------
Test Passed.
"malloc_3.Alignment" end time: Jun 27 16:47 UTC
"malloc_3.Alignment" time elapsed: 00:00:00
----------------------------------------------------------

42/88 Testing: malloc_3.Alignment unaligned base
42/88 Test: malloc_3.Alignment unaligned base
Command: "/home/student/Desktop/OS_HW4/build/tests/malloc_3_test" "Alignment unaligned base"
Directory: /home/student/Desktop/OS_HW4/build/tests
"malloc_3.Alignment unaligned base" start time: Jun 27 16:47 UTC
Output:
----------------------------------------------------------
Filters: Alignment unaligned base
Randomness seeded to: 2018588140

~~~~~~~~~~~~~~~~~~~~~~~~~~~~~~~~~~~~~~~~~~~~~~~~~~~~~~~~~~~~~~~~~~~~~~~~~~~~~~~
malloc_3_test is a Catch2 v3.0.1 host application.
Run with -? for options

-------------------------------------------------------------------------------
Alignment unaligned base
-------------------------------------------------------------------------------
/home/student/Desktop/OS_HW4/tests/malloc_3_test_basic.cpp:587
...............................................................................

/home/student/Desktop/OS_HW4/tests/malloc_3_test_basic.cpp:604: FAILED:
  REQUIRE( (size_t)a % 8 == 0 )
with expansion:
  3 == 0

===============================================================================
test cases:  1 |  0 passed | 1 failed
assertions: 12 | 11 passed | 1 failed

<end of output>
Test time =   0.01 sec
----------------------------------------------------------
Test Failed.
"malloc_3.Alignment unaligned base" end time: Jun 27 16:47 UTC
"malloc_3.Alignment unaligned base" time elapsed: 00:00:00
----------------------------------------------------------

43/88 Testing: malloc_3.Alignment MMAP
43/88 Test: malloc_3.Alignment MMAP
Command: "/home/student/Desktop/OS_HW4/build/tests/malloc_3_test" "Alignment MMAP"
Directory: /home/student/Desktop/OS_HW4/build/tests
"malloc_3.Alignment MMAP" start time: Jun 27 16:47 UTC
Output:
----------------------------------------------------------
Filters: Alignment MMAP
Randomness seeded to: 1394156379
===============================================================================
All tests passed (28 assertions in 1 test case)

<end of output>
Test time =   0.01 sec
----------------------------------------------------------
Test Passed.
"malloc_3.Alignment MMAP" end time: Jun 27 16:47 UTC
"malloc_3.Alignment MMAP" time elapsed: 00:00:00
----------------------------------------------------------

44/88 Testing: malloc_3.Reuse
44/88 Test: malloc_3.Reuse
Command: "/home/student/Desktop/OS_HW4/build/tests/malloc_3_test" "Reuse"
Directory: /home/student/Desktop/OS_HW4/build/tests
"malloc_3.Reuse" start time: Jun 27 16:47 UTC
Output:
----------------------------------------------------------
Filters: Reuse
Randomness seeded to: 1789034086
===============================================================================
All tests passed (32 assertions in 1 test case)

<end of output>
Test time =   0.01 sec
----------------------------------------------------------
Test Passed.
"malloc_3.Reuse" end time: Jun 27 16:47 UTC
"malloc_3.Reuse" time elapsed: 00:00:00
----------------------------------------------------------

45/88 Testing: malloc_3.Reuse two blocks
45/88 Test: malloc_3.Reuse two blocks
Command: "/home/student/Desktop/OS_HW4/build/tests/malloc_3_test" "Reuse two blocks"
Directory: /home/student/Desktop/OS_HW4/build/tests
"malloc_3.Reuse two blocks" start time: Jun 27 16:47 UTC
Output:
----------------------------------------------------------
Filters: Reuse two blocks
Randomness seeded to: 535845617
===============================================================================
All tests passed (46 assertions in 1 test case)

<end of output>
Test time =   0.01 sec
----------------------------------------------------------
Test Passed.
"malloc_3.Reuse two blocks" end time: Jun 27 16:47 UTC
"malloc_3.Reuse two blocks" time elapsed: 00:00:00
----------------------------------------------------------

46/88 Testing: malloc_3.Reuse two blocks reverse
46/88 Test: malloc_3.Reuse two blocks reverse
Command: "/home/student/Desktop/OS_HW4/build/tests/malloc_3_test" "Reuse two blocks reverse"
Directory: /home/student/Desktop/OS_HW4/build/tests
"malloc_3.Reuse two blocks reverse" start time: Jun 27 16:47 UTC
Output:
----------------------------------------------------------
Filters: Reuse two blocks reverse
Randomness seeded to: 1493059423
===============================================================================
All tests passed (46 assertions in 1 test case)

<end of output>
Test time =   0.01 sec
----------------------------------------------------------
Test Passed.
"malloc_3.Reuse two blocks reverse" end time: Jun 27 16:47 UTC
"malloc_3.Reuse two blocks reverse" time elapsed: 00:00:00
----------------------------------------------------------

47/88 Testing: malloc_3.Reuse two blocks both
47/88 Test: malloc_3.Reuse two blocks both
Command: "/home/student/Desktop/OS_HW4/build/tests/malloc_3_test" "Reuse two blocks both"
Directory: /home/student/Desktop/OS_HW4/build/tests
"malloc_3.Reuse two blocks both" start time: Jun 27 16:47 UTC
Output:
----------------------------------------------------------
Filters: Reuse two blocks both
Randomness seeded to: 3558384182
===============================================================================
All tests passed (59 assertions in 1 test case)

<end of output>
Test time =   0.01 sec
----------------------------------------------------------
Test Passed.
"malloc_3.Reuse two blocks both" end time: Jun 27 16:47 UTC
"malloc_3.Reuse two blocks both" time elapsed: 00:00:00
----------------------------------------------------------

48/88 Testing: malloc_3.Reuse two blocks sizes small
48/88 Test: malloc_3.Reuse two blocks sizes small
Command: "/home/student/Desktop/OS_HW4/build/tests/malloc_3_test" "Reuse two blocks sizes small"
Directory: /home/student/Desktop/OS_HW4/build/tests
"malloc_3.Reuse two blocks sizes small" start time: Jun 27 16:47 UTC
Output:
----------------------------------------------------------
Filters: Reuse two blocks sizes small
Randomness seeded to: 1008615761
===============================================================================
All tests passed (59 assertions in 1 test case)

<end of output>
Test time =   0.01 sec
----------------------------------------------------------
Test Passed.
"malloc_3.Reuse two blocks sizes small" end time: Jun 27 16:47 UTC
"malloc_3.Reuse two blocks sizes small" time elapsed: 00:00:00
----------------------------------------------------------

49/88 Testing: malloc_3.Reuse two blocks sizes small reversed
49/88 Test: malloc_3.Reuse two blocks sizes small reversed
Command: "/home/student/Desktop/OS_HW4/build/tests/malloc_3_test" "Reuse two blocks sizes small reversed"
Directory: /home/student/Desktop/OS_HW4/build/tests
"malloc_3.Reuse two blocks sizes small reversed" start time: Jun 27 16:47 UTC
Output:
----------------------------------------------------------
Filters: Reuse two blocks sizes small reversed
Randomness seeded to: 3473957569
===============================================================================
All tests passed (59 assertions in 1 test case)

<end of output>
Test time =   0.01 sec
----------------------------------------------------------
Test Passed.
"malloc_3.Reuse two blocks sizes small reversed" end time: Jun 27 16:47 UTC
"malloc_3.Reuse two blocks sizes small reversed" time elapsed: 00:00:00
----------------------------------------------------------

50/88 Testing: malloc_3.Reuse two blocks sizes large
50/88 Test: malloc_3.Reuse two blocks sizes large
Command: "/home/student/Desktop/OS_HW4/build/tests/malloc_3_test" "Reuse two blocks sizes large"
Directory: /home/student/Desktop/OS_HW4/build/tests
"malloc_3.Reuse two blocks sizes large" start time: Jun 27 16:47 UTC
Output:
----------------------------------------------------------
Filters: Reuse two blocks sizes large
Randomness seeded to: 2183251255
===============================================================================
All tests passed (59 assertions in 1 test case)

<end of output>
Test time =   0.01 sec
----------------------------------------------------------
Test Passed.
"malloc_3.Reuse two blocks sizes large" end time: Jun 27 16:47 UTC
"malloc_3.Reuse two blocks sizes large" time elapsed: 00:00:00
----------------------------------------------------------

51/88 Testing: malloc_3.scalloc
51/88 Test: malloc_3.scalloc
Command: "/home/student/Desktop/OS_HW4/build/tests/malloc_3_test" "scalloc"
Directory: /home/student/Desktop/OS_HW4/build/tests
"malloc_3.scalloc" start time: Jun 27 16:47 UTC
Output:
----------------------------------------------------------
Filters: scalloc
Randomness seeded to: 2001824740
===============================================================================
All tests passed (51 assertions in 1 test case)

<end of output>
Test time =   0.01 sec
----------------------------------------------------------
Test Passed.
"malloc_3.scalloc" end time: Jun 27 16:47 UTC
"malloc_3.scalloc" time elapsed: 00:00:00
----------------------------------------------------------

52/88 Testing: malloc_3.scalloc taint
52/88 Test: malloc_3.scalloc taint
Command: "/home/student/Desktop/OS_HW4/build/tests/malloc_3_test" "scalloc taint"
Directory: /home/student/Desktop/OS_HW4/build/tests
"malloc_3.scalloc taint" start time: Jun 27 16:47 UTC
Output:
----------------------------------------------------------
Filters: scalloc taint
Randomness seeded to: 567497788
===============================================================================
All tests passed (232 assertions in 1 test case)

<end of output>
Test time =   0.01 sec
----------------------------------------------------------
Test Passed.
"malloc_3.scalloc taint" end time: Jun 27 16:47 UTC
"malloc_3.scalloc taint" time elapsed: 00:00:00
----------------------------------------------------------

53/88 Testing: malloc_3.scalloc 0 size
53/88 Test: malloc_3.scalloc 0 size
Command: "/home/student/Desktop/OS_HW4/build/tests/malloc_3_test" "scalloc 0 size"
Directory: /home/student/Desktop/OS_HW4/build/tests
"malloc_3.scalloc 0 size" start time: Jun 27 16:47 UTC
Output:
----------------------------------------------------------
Filters: scalloc 0 size
Randomness seeded to: 137777849
===============================================================================
All tests passed (21 assertions in 1 test case)

<end of output>
Test time =   0.01 sec
----------------------------------------------------------
Test Passed.
"malloc_3.scalloc 0 size" end time: Jun 27 16:47 UTC
"malloc_3.scalloc 0 size" time elapsed: 00:00:00
----------------------------------------------------------

54/88 Testing: malloc_3.scalloc Max size num
54/88 Test: malloc_3.scalloc Max size num
Command: "/home/student/Desktop/OS_HW4/build/tests/malloc_3_test" "scalloc Max size num"
Directory: /home/student/Desktop/OS_HW4/build/tests
"malloc_3.scalloc Max size num" start time: Jun 27 16:47 UTC
Output:
----------------------------------------------------------
Filters: scalloc Max size num
Randomness seeded to: 3431527452
===============================================================================
All tests passed (27 assertions in 1 test case)

<end of output>
Test time =   0.05 sec
----------------------------------------------------------
Test Passed.
"malloc_3.scalloc Max size num" end time: Jun 27 16:47 UTC
"malloc_3.scalloc Max size num" time elapsed: 00:00:00
----------------------------------------------------------

55/88 Testing: malloc_3.scalloc Max size size
55/88 Test: malloc_3.scalloc Max size size
Command: "/home/student/Desktop/OS_HW4/build/tests/malloc_3_test" "scalloc Max size size"
Directory: /home/student/Desktop/OS_HW4/build/tests
"malloc_3.scalloc Max size size" start time: Jun 27 16:47 UTC
Output:
----------------------------------------------------------
Filters: scalloc Max size size
Randomness seeded to: 3707195010
===============================================================================
All tests passed (27 assertions in 1 test case)

<end of output>
Test time =   0.06 sec
----------------------------------------------------------
Test Passed.
"malloc_3.scalloc Max size size" end time: Jun 27 16:47 UTC
"malloc_3.scalloc Max size size" time elapsed: 00:00:00
----------------------------------------------------------

56/88 Testing: malloc_3.scalloc Max size both
56/88 Test: malloc_3.scalloc Max size both
Command: "/home/student/Desktop/OS_HW4/build/tests/malloc_3_test" "scalloc Max size both"
Directory: /home/student/Desktop/OS_HW4/build/tests
"malloc_3.scalloc Max size both" start time: Jun 27 16:47 UTC
Output:
----------------------------------------------------------
Filters: scalloc Max size both
Randomness seeded to: 2431083483
===============================================================================
All tests passed (35 assertions in 1 test case)

<end of output>
Test time =   0.06 sec
----------------------------------------------------------
Test Passed.
"malloc_3.scalloc Max size both" end time: Jun 27 16:47 UTC
"malloc_3.scalloc Max size both" time elapsed: 00:00:00
----------------------------------------------------------

57/88 Testing: malloc_3.Split block
57/88 Test: malloc_3.Split block
Command: "/home/student/Desktop/OS_HW4/build/tests/malloc_3_test" "Split block"
Directory: /home/student/Desktop/OS_HW4/build/tests
"malloc_3.Split block" start time: Jun 27 16:47 UTC
Output:
----------------------------------------------------------
Filters: Split block
Randomness seeded to: 3952631910
===============================================================================
All tests passed (32 assertions in 1 test case)

<end of output>
Test time =   0.00 sec
----------------------------------------------------------
Test Passed.
"malloc_3.Split block" end time: Jun 27 16:47 UTC
"malloc_3.Split block" time elapsed: 00:00:00
----------------------------------------------------------

58/88 Testing: malloc_3.Split block under threshold
58/88 Test: malloc_3.Split block under threshold
Command: "/home/student/Desktop/OS_HW4/build/tests/malloc_3_test" "Split block under threshold"
Directory: /home/student/Desktop/OS_HW4/build/tests
"malloc_3.Split block under threshold" start time: Jun 27 16:47 UTC
Output:
----------------------------------------------------------
Filters: Split block under threshold
Randomness seeded to: 3227642156
===============================================================================
All tests passed (32 assertions in 1 test case)

<end of output>
Test time =   0.00 sec
----------------------------------------------------------
Test Passed.
"malloc_3.Split block under threshold" end time: Jun 27 16:47 UTC
"malloc_3.Split block under threshold" time elapsed: 00:00:00
----------------------------------------------------------

59/88 Testing: malloc_3.Split block threshold
59/88 Test: malloc_3.Split block threshold
Command: "/home/student/Desktop/OS_HW4/build/tests/malloc_3_test" "Split block threshold"
Directory: /home/student/Desktop/OS_HW4/build/tests
"malloc_3.Split block threshold" start time: Jun 27 16:47 UTC
Output:
----------------------------------------------------------
Filters: Split block threshold
Randomness seeded to: 1080474851
===============================================================================
All tests passed (32 assertions in 1 test case)

<end of output>
Test time =   0.01 sec
----------------------------------------------------------
Test Passed.
"malloc_3.Split block threshold" end time: Jun 27 16:47 UTC
"malloc_3.Split block threshold" time elapsed: 00:00:00
----------------------------------------------------------

60/88 Testing: malloc_3.Merge with prev block
60/88 Test: malloc_3.Merge with prev block
Command: "/home/student/Desktop/OS_HW4/build/tests/malloc_3_test" "Merge with prev block"
Directory: /home/student/Desktop/OS_HW4/build/tests
"malloc_3.Merge with prev block" start time: Jun 27 16:47 UTC
Output:
----------------------------------------------------------
Filters: Merge with prev block
Randomness seeded to: 782011388
===============================================================================
All tests passed (32 assertions in 1 test case)

<end of output>
Test time =   0.01 sec
----------------------------------------------------------
Test Passed.
"malloc_3.Merge with prev block" end time: Jun 27 16:47 UTC
"malloc_3.Merge with prev block" time elapsed: 00:00:00
----------------------------------------------------------

61/88 Testing: malloc_3.Merge with prev block pad
61/88 Test: malloc_3.Merge with prev block pad
Command: "/home/student/Desktop/OS_HW4/build/tests/malloc_3_test" "Merge with prev block pad"
Directory: /home/student/Desktop/OS_HW4/build/tests
"malloc_3.Merge with prev block pad" start time: Jun 27 16:47 UTC
Output:
----------------------------------------------------------
Filters: Merge with prev block pad
Randomness seeded to: 1825750021
===============================================================================
All tests passed (58 assertions in 1 test case)

<end of output>
Test time =   0.01 sec
----------------------------------------------------------
Test Passed.
"malloc_3.Merge with prev block pad" end time: Jun 27 16:47 UTC
"malloc_3.Merge with prev block pad" time elapsed: 00:00:00
----------------------------------------------------------

62/88 Testing: malloc_3.Merge with next block
62/88 Test: malloc_3.Merge with next block
Command: "/home/student/Desktop/OS_HW4/build/tests/malloc_3_test" "Merge with next block"
Directory: /home/student/Desktop/OS_HW4/build/tests
"malloc_3.Merge with next block" start time: Jun 27 16:47 UTC
Output:
----------------------------------------------------------
Filters: Merge with next block
Randomness seeded to: 3025555194
===============================================================================
All tests passed (32 assertions in 1 test case)

<end of output>
Test time =   0.00 sec
----------------------------------------------------------
Test Passed.
"malloc_3.Merge with next block" end time: Jun 27 16:47 UTC
"malloc_3.Merge with next block" time elapsed: 00:00:00
----------------------------------------------------------

63/88 Testing: malloc_3.Merge with next block pad
63/88 Test: malloc_3.Merge with next block pad
Command: "/home/student/Desktop/OS_HW4/build/tests/malloc_3_test" "Merge with next block pad"
Directory: /home/student/Desktop/OS_HW4/build/tests
"malloc_3.Merge with next block pad" start time: Jun 27 16:47 UTC
Output:
----------------------------------------------------------
Filters: Merge with next block pad
Randomness seeded to: 538146369
===============================================================================
All tests passed (58 assertions in 1 test case)

<end of output>
Test time =   0.01 sec
----------------------------------------------------------
Test Passed.
"malloc_3.Merge with next block pad" end time: Jun 27 16:47 UTC
"malloc_3.Merge with next block pad" time elapsed: 00:00:00
----------------------------------------------------------

64/88 Testing: malloc_3.Merge with both blocks
64/88 Test: malloc_3.Merge with both blocks
Command: "/home/student/Desktop/OS_HW4/build/tests/malloc_3_test" "Merge with both blocks"
Directory: /home/student/Desktop/OS_HW4/build/tests
"malloc_3.Merge with both blocks" start time: Jun 27 16:47 UTC
Output:
----------------------------------------------------------
Filters: Merge with both blocks
Randomness seeded to: 3898977479
===============================================================================
All tests passed (47 assertions in 1 test case)

<end of output>
Test time =   0.01 sec
----------------------------------------------------------
Test Passed.
"malloc_3.Merge with both blocks" end time: Jun 27 16:47 UTC
"malloc_3.Merge with both blocks" time elapsed: 00:00:00
----------------------------------------------------------

65/88 Testing: malloc_3.Merge with both blocks pad
65/88 Test: malloc_3.Merge with both blocks pad
Command: "/home/student/Desktop/OS_HW4/build/tests/malloc_3_test" "Merge with both blocks pad"
Directory: /home/student/Desktop/OS_HW4/build/tests
"malloc_3.Merge with both blocks pad" start time: Jun 27 16:47 UTC
Output:
----------------------------------------------------------
Filters: Merge with both blocks pad
Randomness seeded to: 2653500117
===============================================================================
All tests passed (73 assertions in 1 test case)

<end of output>
Test time =   0.00 sec
----------------------------------------------------------
Test Passed.
"malloc_3.Merge with both blocks pad" end time: Jun 27 16:47 UTC
"malloc_3.Merge with both blocks pad" time elapsed: 00:00:00
----------------------------------------------------------

66/88 Testing: malloc_3.realloc
66/88 Test: malloc_3.realloc
Command: "/home/student/Desktop/OS_HW4/build/tests/malloc_3_test" "realloc"
Directory: /home/student/Desktop/OS_HW4/build/tests
"malloc_3.realloc" start time: Jun 27 16:47 UTC
Output:
----------------------------------------------------------
Filters: realloc
Randomness seeded to: 2058374002
===============================================================================
All tests passed (36 assertions in 1 test case)

<end of output>
Test time =   0.00 sec
----------------------------------------------------------
Test Passed.
"malloc_3.realloc" end time: Jun 27 16:47 UTC
"malloc_3.realloc" time elapsed: 00:00:00
----------------------------------------------------------

67/88 Testing: malloc_3.realloc shrink
67/88 Test: malloc_3.realloc shrink
Command: "/home/student/Desktop/OS_HW4/build/tests/malloc_3_test" "realloc shrink"
Directory: /home/student/Desktop/OS_HW4/build/tests
"malloc_3.realloc shrink" start time: Jun 27 16:47 UTC
Output:
----------------------------------------------------------
Filters: realloc shrink
Randomness seeded to: 2333507044
===============================================================================
All tests passed (36 assertions in 1 test case)

<end of output>
Test time =   0.01 sec
----------------------------------------------------------
Test Passed.
"malloc_3.realloc shrink" end time: Jun 27 16:47 UTC
"malloc_3.realloc shrink" time elapsed: 00:00:00
----------------------------------------------------------

68/88 Testing: malloc_3.srealloc Max size
68/88 Test: malloc_3.srealloc Max size
Command: "/home/student/Desktop/OS_HW4/build/tests/malloc_3_test" "srealloc Max size"
Directory: /home/student/Desktop/OS_HW4/build/tests
"malloc_3.srealloc Max size" start time: Jun 27 16:47 UTC
Output:
----------------------------------------------------------
Filters: srealloc Max size
Randomness seeded to: 1514721672
===============================================================================
All tests passed (35 assertions in 1 test case)

<end of output>
Test time =   0.01 sec
----------------------------------------------------------
Test Passed.
"malloc_3.srealloc Max size" end time: Jun 27 16:47 UTC
"malloc_3.srealloc Max size" time elapsed: 00:00:00
----------------------------------------------------------

69/88 Testing: malloc_3.srealloc case a
69/88 Test: malloc_3.srealloc case a
Command: "/home/student/Desktop/OS_HW4/build/tests/malloc_3_test" "srealloc case a"
Directory: /home/student/Desktop/OS_HW4/build/tests
"malloc_3.srealloc case a" start time: Jun 27 16:47 UTC
Output:
----------------------------------------------------------
Filters: srealloc case a
Randomness seeded to: 2688310182
===============================================================================
All tests passed (112 assertions in 1 test case)

<end of output>
Test time =   0.01 sec
----------------------------------------------------------
Test Passed.
"malloc_3.srealloc case a" end time: Jun 27 16:47 UTC
"malloc_3.srealloc case a" time elapsed: 00:00:00
----------------------------------------------------------

70/88 Testing: malloc_3.srealloc case a split
70/88 Test: malloc_3.srealloc case a split
Command: "/home/student/Desktop/OS_HW4/build/tests/malloc_3_test" "srealloc case a split"
Directory: /home/student/Desktop/OS_HW4/build/tests
"malloc_3.srealloc case a split" start time: Jun 27 16:47 UTC
Output:
----------------------------------------------------------
Filters: srealloc case a split
Randomness seeded to: 1631924355

~~~~~~~~~~~~~~~~~~~~~~~~~~~~~~~~~~~~~~~~~~~~~~~~~~~~~~~~~~~~~~~~~~~~~~~~~~~~~~~
malloc_3_test is a Catch2 v3.0.1 host application.
Run with -? for options

-------------------------------------------------------------------------------
srealloc case a split
-------------------------------------------------------------------------------
/home/student/Desktop/OS_HW4/tests/malloc_3_test_srealloc_cases.cpp:98
...............................................................................

/home/student/Desktop/OS_HW4/tests/malloc_3_test_srealloc_cases.cpp:98: FAILED:
  {Unknown expression after the reported line}
due to a fatal error condition:
  SIGSEGV - Segmentation violation signal

===============================================================================
test cases:  1 |  0 passed | 1 failed
assertions: 13 | 12 passed | 1 failed

<end of output>
Test time =   0.43 sec
----------------------------------------------------------
Test Failed.
"malloc_3.srealloc case a split" end time: Jun 27 16:47 UTC
"malloc_3.srealloc case a split" time elapsed: 00:00:00
----------------------------------------------------------

71/88 Testing: malloc_3.srealloc case a mmap
71/88 Test: malloc_3.srealloc case a mmap
Command: "/home/student/Desktop/OS_HW4/build/tests/malloc_3_test" "srealloc case a mmap"
Directory: /home/student/Desktop/OS_HW4/build/tests
"malloc_3.srealloc case a mmap" start time: Jun 27 16:47 UTC
Output:
----------------------------------------------------------
Filters: srealloc case a mmap
Randomness seeded to: 3690444967

~~~~~~~~~~~~~~~~~~~~~~~~~~~~~~~~~~~~~~~~~~~~~~~~~~~~~~~~~~~~~~~~~~~~~~~~~~~~~~~
malloc_3_test is a Catch2 v3.0.1 host application.
Run with -? for options

-------------------------------------------------------------------------------
srealloc case a mmap
-------------------------------------------------------------------------------
/home/student/Desktop/OS_HW4/tests/malloc_3_test_srealloc_cases.cpp:121
...............................................................................

/home/student/Desktop/OS_HW4/tests/malloc_3_test_srealloc_cases.cpp:121: FAILED:
  {Unknown expression after the reported line}
due to a fatal error condition:
  SIGSEGV - Segmentation violation signal

===============================================================================
test cases:      1 |      0 passed | 1 failed
assertions: 131093 | 131092 passed | 1 failed

<end of output>
Test time =   0.18 sec
----------------------------------------------------------
Test Failed.
"malloc_3.srealloc case a mmap" end time: Jun 27 16:47 UTC
"malloc_3.srealloc case a mmap" time elapsed: 00:00:00
----------------------------------------------------------

72/88 Testing: malloc_3.srealloc case b
72/88 Test: malloc_3.srealloc case b
Command: "/home/student/Desktop/OS_HW4/build/tests/malloc_3_test" "srealloc case b"
Directory: /home/student/Desktop/OS_HW4/build/tests
"malloc_3.srealloc case b" start time: Jun 27 16:47 UTC
Output:
----------------------------------------------------------
Filters: srealloc case b
Randomness seeded to: 4245713548

~~~~~~~~~~~~~~~~~~~~~~~~~~~~~~~~~~~~~~~~~~~~~~~~~~~~~~~~~~~~~~~~~~~~~~~~~~~~~~~
malloc_3_test is a Catch2 v3.0.1 host application.
Run with -? for options

-------------------------------------------------------------------------------
srealloc case b
-------------------------------------------------------------------------------
/home/student/Desktop/OS_HW4/tests/malloc_3_test_srealloc_cases.cpp:151
...............................................................................

/home/student/Desktop/OS_HW4/tests/malloc_3_test_srealloc_cases.cpp:186: FAILED:
  REQUIRE( _num_allocated_blocks() == 1 )
with expansion:
  2 == 1

===============================================================================
test cases:   1 |   0 passed | 1 failed
assertions: 101 | 100 passed | 1 failed

<end of output>
Test time =   0.01 sec
----------------------------------------------------------
Test Failed.
"malloc_3.srealloc case b" end time: Jun 27 16:47 UTC
"malloc_3.srealloc case b" time elapsed: 00:00:00
----------------------------------------------------------

73/88 Testing: malloc_3.srealloc case b metadata
73/88 Test: malloc_3.srealloc case b metadata
Command: "/home/student/Desktop/OS_HW4/build/tests/malloc_3_test" "srealloc case b metadata"
Directory: /home/student/Desktop/OS_HW4/build/tests
"malloc_3.srealloc case b metadata" start time: Jun 27 16:47 UTC
Output:
----------------------------------------------------------
Filters: srealloc case b metadata
Randomness seeded to: 1233914698

~~~~~~~~~~~~~~~~~~~~~~~~~~~~~~~~~~~~~~~~~~~~~~~~~~~~~~~~~~~~~~~~~~~~~~~~~~~~~~~
malloc_3_test is a Catch2 v3.0.1 host application.
Run with -? for options

-------------------------------------------------------------------------------
srealloc case b metadata
-------------------------------------------------------------------------------
/home/student/Desktop/OS_HW4/tests/malloc_3_test_srealloc_cases.cpp:190
...............................................................................

/home/student/Desktop/OS_HW4/tests/malloc_3_test_srealloc_cases.cpp:218: FAILED:
  REQUIRE( _num_allocated_blocks() == 1 )
with expansion:
  2 == 1

===============================================================================
test cases:  1 |  0 passed | 1 failed
assertions: 61 | 60 passed | 1 failed

<end of output>
Test time =   0.00 sec
----------------------------------------------------------
Test Failed.
"malloc_3.srealloc case b metadata" end time: Jun 27 16:47 UTC
"malloc_3.srealloc case b metadata" time elapsed: 00:00:00
----------------------------------------------------------

74/88 Testing: malloc_3.srealloc case b split
74/88 Test: malloc_3.srealloc case b split
Command: "/home/student/Desktop/OS_HW4/build/tests/malloc_3_test" "srealloc case b split"
Directory: /home/student/Desktop/OS_HW4/build/tests
"malloc_3.srealloc case b split" start time: Jun 27 16:47 UTC
Output:
----------------------------------------------------------
Filters: srealloc case b split
Randomness seeded to: 2572055760

~~~~~~~~~~~~~~~~~~~~~~~~~~~~~~~~~~~~~~~~~~~~~~~~~~~~~~~~~~~~~~~~~~~~~~~~~~~~~~~
malloc_3_test is a Catch2 v3.0.1 host application.
Run with -? for options

-------------------------------------------------------------------------------
srealloc case b split
-------------------------------------------------------------------------------
/home/student/Desktop/OS_HW4/tests/malloc_3_test_srealloc_cases.cpp:222
...............................................................................

/home/student/Desktop/OS_HW4/tests/malloc_3_test_srealloc_cases.cpp:251: FAILED:
  REQUIRE( _num_allocated_blocks() == 1 )
with expansion:
  2 == 1

===============================================================================
test cases:  1 |  0 passed | 1 failed
assertions: 61 | 60 passed | 1 failed

<end of output>
Test time =   0.00 sec
----------------------------------------------------------
Test Failed.
"malloc_3.srealloc case b split" end time: Jun 27 16:47 UTC
"malloc_3.srealloc case b split" time elapsed: 00:00:00
----------------------------------------------------------

75/88 Testing: malloc_3.srealloc case b wilderness
75/88 Test: malloc_3.srealloc case b wilderness
Command: "/home/student/Desktop/OS_HW4/build/tests/malloc_3_test" "srealloc case b wilderness"
Directory: /home/student/Desktop/OS_HW4/build/tests
"malloc_3.srealloc case b wilderness" start time: Jun 27 16:47 UTC
Output:
----------------------------------------------------------
Filters: srealloc case b wilderness
Randomness seeded to: 2236265383
===============================================================================
All tests passed (65 assertions in 1 test case)

<end of output>
Test time =   0.00 sec
----------------------------------------------------------
Test Passed.
"malloc_3.srealloc case b wilderness" end time: Jun 27 16:47 UTC
"malloc_3.srealloc case b wilderness" time elapsed: 00:00:00
----------------------------------------------------------

76/88 Testing: malloc_3.srealloc case b wilderness 2
76/88 Test: malloc_3.srealloc case b wilderness 2
Command: "/home/student/Desktop/OS_HW4/build/tests/malloc_3_test" "srealloc case b wilderness 2"
Directory: /home/student/Desktop/OS_HW4/build/tests
"malloc_3.srealloc case b wilderness 2" start time: Jun 27 16:47 UTC
Output:
----------------------------------------------------------
Filters: srealloc case b wilderness 2
Randomness seeded to: 172344072
===============================================================================
All tests passed (97 assertions in 1 test case)

<end of output>
Test time =   0.01 sec
----------------------------------------------------------
Test Passed.
"malloc_3.srealloc case b wilderness 2" end time: Jun 27 16:47 UTC
"malloc_3.srealloc case b wilderness 2" time elapsed: 00:00:00
----------------------------------------------------------

77/88 Testing: malloc_3.srealloc case c
77/88 Test: malloc_3.srealloc case c
Command: "/home/student/Desktop/OS_HW4/build/tests/malloc_3_test" "srealloc case c"
Directory: /home/student/Desktop/OS_HW4/build/tests
"malloc_3.srealloc case c" start time: Jun 27 16:47 UTC
Output:
----------------------------------------------------------
Filters: srealloc case c
Randomness seeded to: 3312408688
===============================================================================
All tests passed (90 assertions in 1 test case)

<end of output>
Test time =   0.00 sec
----------------------------------------------------------
Test Passed.
"malloc_3.srealloc case c" end time: Jun 27 16:47 UTC
"malloc_3.srealloc case c" time elapsed: 00:00:00
----------------------------------------------------------

78/88 Testing: malloc_3.srealloc case c 2
78/88 Test: malloc_3.srealloc case c 2
Command: "/home/student/Desktop/OS_HW4/build/tests/malloc_3_test" "srealloc case c 2"
Directory: /home/student/Desktop/OS_HW4/build/tests
"malloc_3.srealloc case c 2" start time: Jun 27 16:47 UTC
Output:
----------------------------------------------------------
Filters: srealloc case c 2
Randomness seeded to: 1100005123
===============================================================================
All tests passed (97 assertions in 1 test case)

<end of output>
Test time =   0.00 sec
----------------------------------------------------------
Test Passed.
"malloc_3.srealloc case c 2" end time: Jun 27 16:47 UTC
"malloc_3.srealloc case c 2" time elapsed: 00:00:00
----------------------------------------------------------

79/88 Testing: malloc_3.srealloc case d
79/88 Test: malloc_3.srealloc case d
Command: "/home/student/Desktop/OS_HW4/build/tests/malloc_3_test" "srealloc case d"
Directory: /home/student/Desktop/OS_HW4/build/tests
"malloc_3.srealloc case d" start time: Jun 27 16:47 UTC
Output:
----------------------------------------------------------
Filters: srealloc case d
Randomness seeded to: 2089365479
===============================================================================
All tests passed (112 assertions in 1 test case)

<end of output>
Test time =   0.00 sec
----------------------------------------------------------
Test Passed.
"malloc_3.srealloc case d" end time: Jun 27 16:47 UTC
"malloc_3.srealloc case d" time elapsed: 00:00:00
----------------------------------------------------------

80/88 Testing: malloc_3.srealloc case d metadata
80/88 Test: malloc_3.srealloc case d metadata
Command: "/home/student/Desktop/OS_HW4/build/tests/malloc_3_test" "srealloc case d metadata"
Directory: /home/student/Desktop/OS_HW4/build/tests
"malloc_3.srealloc case d metadata" start time: Jun 27 16:47 UTC
Output:
----------------------------------------------------------
Filters: srealloc case d metadata
Randomness seeded to: 2659651531
===============================================================================
All tests passed (72 assertions in 1 test case)

<end of output>
Test time =   0.01 sec
----------------------------------------------------------
Test Passed.
"malloc_3.srealloc case d metadata" end time: Jun 27 16:47 UTC
"malloc_3.srealloc case d metadata" time elapsed: 00:00:00
----------------------------------------------------------

81/88 Testing: malloc_3.srealloc case d split
81/88 Test: malloc_3.srealloc case d split
Command: "/home/student/Desktop/OS_HW4/build/tests/malloc_3_test" "srealloc case d split"
Directory: /home/student/Desktop/OS_HW4/build/tests
"malloc_3.srealloc case d split" start time: Jun 27 16:47 UTC
Output:
----------------------------------------------------------
Filters: srealloc case d split
Randomness seeded to: 4293065855
===============================================================================
All tests passed (72 assertions in 1 test case)

<end of output>
Test time =   0.01 sec
----------------------------------------------------------
Test Passed.
"malloc_3.srealloc case d split" end time: Jun 27 16:47 UTC
"malloc_3.srealloc case d split" time elapsed: 00:00:00
----------------------------------------------------------

82/88 Testing: malloc_3.srealloc case e
82/88 Test: malloc_3.srealloc case e
Command: "/home/student/Desktop/OS_HW4/build/tests/malloc_3_test" "srealloc case e"
Directory: /home/student/Desktop/OS_HW4/build/tests
"malloc_3.srealloc case e" start time: Jun 27 16:47 UTC
Output:
----------------------------------------------------------
Filters: srealloc case e
Randomness seeded to: 1841786204

~~~~~~~~~~~~~~~~~~~~~~~~~~~~~~~~~~~~~~~~~~~~~~~~~~~~~~~~~~~~~~~~~~~~~~~~~~~~~~~
malloc_3_test is a Catch2 v3.0.1 host application.
Run with -? for options

-------------------------------------------------------------------------------
srealloc case e
-------------------------------------------------------------------------------
/home/student/Desktop/OS_HW4/tests/malloc_3_test_srealloc_cases.cpp:478
...............................................................................

/home/student/Desktop/OS_HW4/tests/malloc_3_test_srealloc_cases.cpp:512: FAILED:
  REQUIRE( _num_free_blocks() == 1 )
with expansion:
  0 == 1

===============================================================================
test cases:  1 |  0 passed | 1 failed
assertions: 65 | 64 passed | 1 failed

<end of output>
Test time =   0.00 sec
----------------------------------------------------------
Test Failed.
"malloc_3.srealloc case e" end time: Jun 27 16:47 UTC
"malloc_3.srealloc case e" time elapsed: 00:00:00
----------------------------------------------------------

83/88 Testing: malloc_3.srealloc case e no pad
83/88 Test: malloc_3.srealloc case e no pad
Command: "/home/student/Desktop/OS_HW4/build/tests/malloc_3_test" "srealloc case e no pad"
Directory: /home/student/Desktop/OS_HW4/build/tests
"malloc_3.srealloc case e no pad" start time: Jun 27 16:47 UTC
Output:
----------------------------------------------------------
Filters: srealloc case e no pad
Randomness seeded to: 91903380

~~~~~~~~~~~~~~~~~~~~~~~~~~~~~~~~~~~~~~~~~~~~~~~~~~~~~~~~~~~~~~~~~~~~~~~~~~~~~~~
malloc_3_test is a Catch2 v3.0.1 host application.
Run with -? for options

-------------------------------------------------------------------------------
srealloc case e no pad
-------------------------------------------------------------------------------
/home/student/Desktop/OS_HW4/tests/malloc_3_test_srealloc_cases.cpp:521
...............................................................................

/home/student/Desktop/OS_HW4/tests/malloc_3_test_srealloc_cases.cpp:553: FAILED:
  REQUIRE( _num_free_blocks() == 1 )
with expansion:
  0 == 1

===============================================================================
test cases:  1 |  0 passed | 1 failed
assertions: 64 | 63 passed | 1 failed

<end of output>
Test time =   0.01 sec
----------------------------------------------------------
Test Failed.
"malloc_3.srealloc case e no pad" end time: Jun 27 16:47 UTC
"malloc_3.srealloc case e no pad" time elapsed: 00:00:00
----------------------------------------------------------

84/88 Testing: malloc_3.srealloc case e split
84/88 Test: malloc_3.srealloc case e split
Command: "/home/student/Desktop/OS_HW4/build/tests/malloc_3_test" "srealloc case e split"
Directory: /home/student/Desktop/OS_HW4/build/tests
"malloc_3.srealloc case e split" start time: Jun 27 16:47 UTC
Output:
----------------------------------------------------------
Filters: srealloc case e split
Randomness seeded to: 3395514816

~~~~~~~~~~~~~~~~~~~~~~~~~~~~~~~~~~~~~~~~~~~~~~~~~~~~~~~~~~~~~~~~~~~~~~~~~~~~~~~
malloc_3_test is a Catch2 v3.0.1 host application.
Run with -? for options

-------------------------------------------------------------------------------
srealloc case e split
-------------------------------------------------------------------------------
/home/student/Desktop/OS_HW4/tests/malloc_3_test_srealloc_cases.cpp:561
...............................................................................

/home/student/Desktop/OS_HW4/tests/malloc_3_test_srealloc_cases.cpp:596: FAILED:
  REQUIRE( _num_allocated_blocks() == 3 )
with expansion:
  4 == 3

===============================================================================
test cases:   1 |   0 passed | 1 failed
assertions: 135 | 134 passed | 1 failed

<end of output>
Test time =   0.01 sec
----------------------------------------------------------
Test Failed.
"malloc_3.srealloc case e split" end time: Jun 27 16:47 UTC
"malloc_3.srealloc case e split" time elapsed: 00:00:00
----------------------------------------------------------

85/88 Testing: malloc_3.srealloc case fi
85/88 Test: malloc_3.srealloc case fi
Command: "/home/student/Desktop/OS_HW4/build/tests/malloc_3_test" "srealloc case fi"
Directory: /home/student/Desktop/OS_HW4/build/tests
"malloc_3.srealloc case fi" start time: Jun 27 16:47 UTC
Output:
----------------------------------------------------------
Filters: srealloc case fi
Randomness seeded to: 665486951

~~~~~~~~~~~~~~~~~~~~~~~~~~~~~~~~~~~~~~~~~~~~~~~~~~~~~~~~~~~~~~~~~~~~~~~~~~~~~~~
malloc_3_test is a Catch2 v3.0.1 host application.
Run with -? for options

-------------------------------------------------------------------------------
srealloc case fi
-------------------------------------------------------------------------------
/home/student/Desktop/OS_HW4/tests/malloc_3_test_srealloc_cases.cpp:605
...............................................................................

/home/student/Desktop/OS_HW4/tests/malloc_3_test_srealloc_cases.cpp:637: FAILED:
  REQUIRE( _num_free_blocks() == 1 )
with expansion:
  0 == 1

===============================================================================
test cases:  1 |  0 passed | 1 failed
assertions: 64 | 63 passed | 1 failed

<end of output>
Test time =   0.01 sec
----------------------------------------------------------
Test Failed.
"malloc_3.srealloc case fi" end time: Jun 27 16:47 UTC
"malloc_3.srealloc case fi" time elapsed: 00:00:00
----------------------------------------------------------

86/88 Testing: malloc_3.srealloc case fii
86/88 Test: malloc_3.srealloc case fii
Command: "/home/student/Desktop/OS_HW4/build/tests/malloc_3_test" "srealloc case fii"
Directory: /home/student/Desktop/OS_HW4/build/tests
"malloc_3.srealloc case fii" start time: Jun 27 16:47 UTC
Output:
----------------------------------------------------------
Filters: srealloc case fii
Randomness seeded to: 712102328
===============================================================================
All tests passed (79 assertions in 1 test case)

<end of output>
Test time =   0.00 sec
----------------------------------------------------------
Test Passed.
"malloc_3.srealloc case fii" end time: Jun 27 16:47 UTC
"malloc_3.srealloc case fii" time elapsed: 00:00:00
----------------------------------------------------------

87/88 Testing: malloc_3.srealloc case g
87/88 Test: malloc_3.srealloc case g
Command: "/home/student/Desktop/OS_HW4/build/tests/malloc_3_test" "srealloc case g"
Directory: /home/student/Desktop/OS_HW4/build/tests
"malloc_3.srealloc case g" start time: Jun 27 16:47 UTC
Output:
----------------------------------------------------------
Filters: srealloc case g
Randomness seeded to: 1297470034
===============================================================================
All tests passed (74 assertions in 1 test case)

<end of output>
Test time =   0.01 sec
----------------------------------------------------------
Test Passed.
"malloc_3.srealloc case g" end time: Jun 27 16:47 UTC
"malloc_3.srealloc case g" time elapsed: 00:00:00
----------------------------------------------------------

88/88 Testing: malloc_3.srealloc case h
88/88 Test: malloc_3.srealloc case h
Command: "/home/student/Desktop/OS_HW4/build/tests/malloc_3_test" "srealloc case h"
Directory: /home/student/Desktop/OS_HW4/build/tests
"malloc_3.srealloc case h" start time: Jun 27 16:47 UTC
Output:
----------------------------------------------------------
Filters: srealloc case h
Randomness seeded to: 3590891578
===============================================================================
All tests passed (75 assertions in 1 test case)

<end of output>
Test time =   0.00 sec
----------------------------------------------------------
Test Passed.
"malloc_3.srealloc case h" end time: Jun 27 16:47 UTC
"malloc_3.srealloc case h" time elapsed: 00:00:00
----------------------------------------------------------

End testing: Jun 27 16:47 UTC
